SF:D:\Challenge\Challenge\ChallengeConsoleNUnit\ChallengeConsole\Program.cs
FN:33,System.Boolean ChallengeConsole.Program::IsValid(System.String)
FNDA:2,System.Boolean ChallengeConsole.Program::IsValid(System.String)
DA:34,2
DA:35,2
DA:36,2
DA:37,1
DA:38,2
DA:39,1
DA:41,2
FN:45,System.Void ChallengeConsole.Program::CreateDictionary()
FNDA:2,System.Void ChallengeConsole.Program::CreateDictionary()
DA:46,2
DA:48,2
DA:49,2
DA:50,2
DA:51,2
FN:87,System.Void ChallengeConsole.Program::SetTimer()
FNDA:1,System.Void ChallengeConsole.Program::SetTimer()
DA:88,1
DA:90,1
DA:93,1
DA:94,1
DA:95,1
DA:96,1
FN:304,System.Double ChallengeConsole.Program::MaxValue(System.Collections.ArrayList)
FNDA:2,System.Double ChallengeConsole.Program::MaxValue(System.Collections.ArrayList)
DA:305,2
DA:307,2
DA:308,3
DA:310,1
DA:311,9
DA:312,3
DA:313,3
DA:314,2
DA:315,2
DA:316,2
DA:317,3
DA:318,1
DA:319,2
DA:320,2
BRDA:308,22,0,1
BRDA:311,89,1,3
BRDA:313,71,0,2
BRDA:313,71,1,3
BRDA:311,89,0,1
BRDA:308,22,1,2
FN:326,System.Int32 ChallengeConsole.Program::MinValue(System.Collections.ArrayList)
FNDA:2,System.Int32 ChallengeConsole.Program::MinValue(System.Collections.ArrayList)
DA:327,2
DA:329,2
DA:330,3
DA:332,1
DA:333,9
DA:334,3
DA:335,3
DA:336,2
DA:337,2
DA:338,2
DA:339,3
DA:340,1
DA:341,2
DA:342,2
BRDA:330,14,0,1
BRDA:333,77,1,3
BRDA:335,59,0,2
BRDA:335,59,1,3
BRDA:333,77,0,1
BRDA:330,14,1,2
FN:348,System.Int32 ChallengeConsole.Program::Add(System.Collections.ArrayList)
FNDA:2,System.Int32 ChallengeConsole.Program::Add(System.Collections.ArrayList)
DA:349,2
DA:351,2
DA:352,12
DA:353,3
DA:354,3
DA:355,3
DA:356,2
DA:357,2
BRDA:352,42,1,3
BRDA:352,42,0,2
FN:363,System.Double ChallengeConsole.Program::AddDouble(System.Collections.ArrayList)
FNDA:2,System.Double ChallengeConsole.Program::AddDouble(System.Collections.ArrayList)
DA:364,2
DA:366,2
DA:367,12
DA:368,3
DA:369,3
DA:370,3
DA:371,2
DA:372,2
BRDA:367,50,1,3
BRDA:367,50,0,2
FN:378,System.Boolean ChallengeConsole.Program::IsArrayListEmpty(System.Collections.ArrayList)
FNDA:2,System.Boolean ChallengeConsole.Program::IsArrayListEmpty(System.Collections.ArrayList)
DA:379,2
DA:381,3
DA:382,1
DA:385,1
DA:386,2
BRDA:381,12,0,1
BRDA:381,12,1,1
FN:394,System.Void ChallengeConsole.Program::BodyWeightAgregation(System.String,System.String,System.String,System.Collections.ArrayList)
FNDA:0,System.Void ChallengeConsole.Program::BodyWeightAgregation(System.String,System.String,System.String,System.Collections.ArrayList)
DA:395,0
DA:397,0
DA:398,0
DA:399,0
DA:400,0
DA:401,0
DA:402,0
DA:403,0
BRDA:398,18,0,0
BRDA:398,18,1,0
FN:411,System.Void ChallengeConsole.Program::CaloriesBurnedAgregation(System.String,System.String,System.String,System.Collections.ArrayList)
FNDA:0,System.Void ChallengeConsole.Program::CaloriesBurnedAgregation(System.String,System.String,System.String,System.Collections.ArrayList)
DA:412,0
DA:414,0
DA:415,0
DA:416,0
DA:417,0
DA:418,0
DA:419,0
DA:420,0
BRDA:415,22,0,0
BRDA:415,22,1,0
FN:428,System.Void ChallengeConsole.Program::HeartRateAgregation(System.String,System.String,System.String,System.Collections.ArrayList)
FNDA:0,System.Void ChallengeConsole.Program::HeartRateAgregation(System.String,System.String,System.String,System.Collections.ArrayList)
DA:429,0
DA:431,0
DA:432,0
DA:433,0
DA:434,0
DA:435,0
DA:436,0
DA:437,0
BRDA:432,14,0,0
BRDA:432,14,1,0
FN:446,System.Void ChallengeConsole.Program::PhysicalActivityAgregation(System.String,System.String,System.String,System.Collections.ArrayList)
FNDA:0,System.Void ChallengeConsole.Program::PhysicalActivityAgregation(System.String,System.String,System.String,System.Collections.ArrayList)
DA:447,0
DA:448,0
DA:449,0
DA:450,0
DA:451,0
DA:452,0
DA:453,0
DA:454,0
BRDA:449,22,0,0
BRDA:449,22,1,0
FN:462,System.Void ChallengeConsole.Program::SpeedAgregation(System.String,System.String,System.String,System.Collections.ArrayList)
FNDA:0,System.Void ChallengeConsole.Program::SpeedAgregation(System.String,System.String,System.String,System.Collections.ArrayList)
DA:463,0
DA:465,0
DA:466,0
DA:467,0
DA:468,0
DA:469,0
DA:470,0
DA:471,0
BRDA:466,22,0,0
BRDA:466,22,1,0
FN:479,System.Void ChallengeConsole.Program::StepCountAgregation(System.String,System.String,System.String,System.Collections.ArrayList)
FNDA:0,System.Void ChallengeConsole.Program::StepCountAgregation(System.String,System.String,System.String,System.Collections.ArrayList)
DA:480,0
DA:482,0
DA:483,0
DA:484,0
DA:485,0
DA:486,0
DA:487,0
DA:488,0
BRDA:483,14,0,0
BRDA:483,14,1,0
FN:496,System.Void ChallengeConsole.Program::BodyMaxIndexAgregation(System.String,System.String,System.String,System.Collections.ArrayList)
FNDA:0,System.Void ChallengeConsole.Program::BodyMaxIndexAgregation(System.String,System.String,System.String,System.Collections.ArrayList)
DA:497,0
DA:499,0
DA:500,0
DA:501,0
DA:502,0
DA:503,0
DA:504,0
DA:505,0
BRDA:500,18,0,0
BRDA:500,18,1,0
FN:509,System.Void ChallengeConsole.Program::SetupStoreage()
FNDA:1,System.Void ChallengeConsole.Program::SetupStoreage()
DA:510,1
DA:513,1
DA:515,1
DA:516,1
FN:524,System.Void ChallengeConsole.Program::SaveData(System.String,System.String,System.String,System.String)
FNDA:0,System.Void ChallengeConsole.Program::SaveData(System.String,System.String,System.String,System.String)
DA:525,0
DA:528,0
DA:529,0
DA:532,0
FN:537,System.Void ChallengeConsole.Program::ReadFromStoreage()
FNDA:0,System.Void ChallengeConsole.Program::ReadFromStoreage()
DA:538,0
DA:539,0
DA:540,0
DA:541,0
DA:542,0
DA:543,0
DA:544,0
DA:545,0
DA:546,0
BRDA:541,92,1,0
BRDA:541,92,0,0
FN:551,System.Void ChallengeConsole.Program::DeleteStoreageContent()
FNDA:0,System.Void ChallengeConsole.Program::DeleteStoreageContent()
DA:552,0
DA:553,0
DA:554,0
FN:53,System.Void ChallengeConsole.Program/<Main>d__12::MoveNext()
FNDA:0,System.Void ChallengeConsole.Program/<Main>d__12::MoveNext()
DA:54,0
DA:55,0
DA:57,0
DA:59,0
DA:61,0
DA:62,0
DA:63,0
DA:65,0
DA:66,0
DA:67,0
DA:69,0
DA:71,0
DA:73,0
DA:74,0
DA:75,0
DA:76,0
DA:77,0
DA:78,0
DA:79,0
DA:80,0
DA:81,0
DA:83,0
DA:84,0
DA:85,0
BRDA:59,326,1,0
BRDA:80,283,1,0
BRDA:69,176,0,0
BRDA:71,192,0,0
BRDA:71,192,1,0
BRDA:69,176,1,0
BRDA:80,262,0,0
BRDA:80,262,1,0
BRDA:80,283,0,0
BRDA:59,326,0,0
FN:104,System.Void ChallengeConsole.Program/<OnTimedEvent>d__14::MoveNext()
FNDA:0,System.Void ChallengeConsole.Program/<OnTimedEvent>d__14::MoveNext()
DA:105,0
DA:106,0
DA:107,0
DA:109,0
DA:112,0
DA:114,0
DA:116,0
DA:117,0
DA:118,0
DA:120,0
DA:121,0
DA:122,0
DA:124,0
DA:125,0
DA:126,0
DA:128,0
DA:129,0
DA:130,0
DA:132,0
DA:133,0
DA:134,0
DA:136,0
DA:137,0
DA:138,0
DA:141,0
DA:143,0
DA:144,0
DA:145,0
DA:147,0
DA:148,0
DA:149,0
DA:151,0
DA:152,0
DA:153,0
DA:155,0
DA:156,0
FN:161,System.Void ChallengeConsole.Program/<InitiateAuthorization>d__15::MoveNext()
FNDA:0,System.Void ChallengeConsole.Program/<InitiateAuthorization>d__15::MoveNext()
DA:162,0
DA:164,0
DA:167,0
DA:168,0
DA:169,0
DA:171,0
DA:172,0
DA:173,0
DA:174,0
DA:175,0
DA:176,0
DA:177,0
DA:178,0
DA:179,0
DA:182,0
DA:183,0
DA:184,0
DA:185,0
DA:186,0
DA:189,0
DA:190,0
DA:192,0
DA:194,0
DA:196,0
DA:197,0
DA:199,0
DA:201,0
DA:202,0
DA:203,0
DA:204,0
DA:205,0
DA:207,0
DA:208,0
DA:209,0
DA:210,0
DA:211,0
DA:212,0
DA:213,0
DA:214,0
DA:215,0
DA:216,0
DA:218,0
DA:220,0
DA:221,0
DA:222,0
DA:223,0
DA:224,0
DA:226,0
DA:227,0
BRDA:167,948,1,0
BRDA:182,490,0,0
BRDA:192,609,0,0
BRDA:194,632,0,0
BRDA:199,702,0,0
BRDA:199,702,1,0
BRDA:194,632,1,0
BRDA:192,609,1,0
BRDA:182,490,1,0
BRDA:167,948,0,0
FN:237,System.Void ChallengeConsole.Program/<ReadData>d__16::MoveNext()
FNDA:0,System.Void ChallengeConsole.Program/<ReadData>d__16::MoveNext()
DA:238,0
DA:240,0
DA:243,0
DA:244,0
DA:245,0
DA:246,0
DA:247,0
DA:248,0
DA:249,0
DA:250,0
DA:251,0
DA:253,0
DA:254,0
DA:255,0
DA:256,0
DA:257,0
DA:258,0
DA:261,0
DA:262,0
DA:263,0
DA:264,0
DA:265,0
DA:266,0
DA:267,0
DA:268,0
DA:269,0
DA:270,0
DA:271,0
DA:272,0
DA:273,0
DA:274,0
DA:275,0
DA:276,0
DA:277,0
DA:278,0
DA:279,0
DA:280,0
DA:281,0
DA:282,0
DA:283,0
DA:284,0
DA:285,0
DA:286,0
DA:288,0
DA:289,0
DA:290,0
DA:291,0
DA:292,0
DA:293,0
DA:294,0
DA:295,0
DA:296,0
DA:298,0
BRDA:253,487,0,0
BRDA:263,612,1,0
BRDA:263,612,0,0
BRDA:263,4591,1,0
BRDA:265,731,0,0
BRDA:266,742,1,0
BRDA:266,742,0,0
BRDA:266,854,1,0
BRDA:266,854,0,0
BRDA:266,926,1,0
BRDA:266,926,0,0
BRDA:266,997,1,0
BRDA:266,997,0,0
BRDA:266,1068,1,0
BRDA:266,1068,0,0
BRDA:267,1171,1,0
BRDA:267,1171,0,0
BRDA:267,1316,1,0
BRDA:267,1316,0,0
BRDA:267,1388,1,0
BRDA:267,1388,0,0
BRDA:267,1459,1,0
BRDA:267,1459,0,0
BRDA:267,1530,1,0
BRDA:267,1530,0,0
BRDA:265,731,1,0
BRDA:268,1654,0,0
BRDA:269,1665,1,0
BRDA:269,1665,0,0
BRDA:269,1756,1,0
BRDA:269,1756,0,0
BRDA:269,1828,1,0
BRDA:269,1828,0,0
BRDA:269,1899,1,0
BRDA:269,1899,0,0
BRDA:269,1970,1,0
BRDA:269,1970,0,0
BRDA:268,1654,1,0
BRDA:270,2094,0,0
BRDA:271,2105,1,0
BRDA:271,2105,0,0
BRDA:271,2196,1,0
BRDA:271,2196,0,0
BRDA:271,2268,1,0
BRDA:271,2268,0,0
BRDA:271,2339,1,0
BRDA:271,2339,0,0
BRDA:271,2410,1,0
BRDA:271,2410,0,0
BRDA:270,2094,1,0
BRDA:272,2534,0,0
BRDA:273,2545,1,0
BRDA:273,2545,0,0
BRDA:273,2636,1,0
BRDA:273,2636,0,0
BRDA:273,2708,1,0
BRDA:273,2708,0,0
BRDA:273,2779,1,0
BRDA:273,2779,0,0
BRDA:273,2850,1,0
BRDA:273,2850,0,0
BRDA:272,2534,1,0
BRDA:274,2974,0,0
BRDA:275,2985,1,0
BRDA:275,2985,0,0
BRDA:275,3076,1,0
BRDA:275,3076,0,0
BRDA:275,3148,1,0
BRDA:275,3148,0,0
BRDA:275,3219,1,0
BRDA:275,3219,0,0
BRDA:274,2974,1,0
BRDA:276,3338,0,0
BRDA:277,3349,1,0
BRDA:277,3349,0,0
BRDA:277,3440,1,0
BRDA:277,3440,0,0
BRDA:277,3512,1,0
BRDA:277,3512,0,0
BRDA:277,3583,1,0
BRDA:277,3583,0,0
BRDA:277,3654,1,0
BRDA:277,3654,0,0
BRDA:276,3338,1,0
BRDA:278,3778,0,0
BRDA:279,3789,1,0
BRDA:279,3789,0,0
BRDA:279,3880,1,0
BRDA:279,3880,0,0
BRDA:279,3952,1,0
BRDA:279,3952,0,0
BRDA:279,4023,1,0
BRDA:279,4023,0,0
BRDA:279,4094,1,0
BRDA:279,4094,0,0
BRDA:278,3778,1,0
BRDA:280,4218,0,0
BRDA:281,4229,1,0
BRDA:281,4229,0,0
BRDA:281,4320,1,0
BRDA:281,4320,0,0
BRDA:281,4392,1,0
BRDA:281,4392,0,0
BRDA:281,4463,1,0
BRDA:281,4463,0,0
BRDA:280,4218,1,0
BRDA:263,4591,0,0
BRDA:253,487,1,0
LF:305
LH:71
BRF:162
BRH:18
FNF:23
FNH:9
end_of_record