SF:D:\Challenge\Challenge\ChallengeConsoleNUnit\ChallengeConsole\Program.cs
FN:45,System.Boolean ChallengeConsole.Program::IsValid(System.String)
FNDA:2,System.Boolean ChallengeConsole.Program::IsValid(System.String)
DA:46,2
DA:47,2
DA:48,2
DA:49,1
DA:50,2
DA:51,1
DA:53,2
FN:57,System.Void ChallengeConsole.Program::CreateDictionary()
FNDA:2,System.Void ChallengeConsole.Program::CreateDictionary()
DA:58,2
DA:60,2
DA:61,2
DA:62,2
DA:63,2
FN:102,System.Void ChallengeConsole.Program::SetTimer()
FNDA:1,System.Void ChallengeConsole.Program::SetTimer()
DA:103,1
DA:105,1
DA:108,1
DA:109,1
DA:110,1
DA:111,1
FN:116,System.String ChallengeConsole.Program::GetStartDate()
FNDA:2,System.String ChallengeConsole.Program::GetStartDate()
DA:117,2
DA:118,2
DA:119,2
DA:120,2
DA:121,2
DA:122,2
FN:127,System.String ChallengeConsole.Program::GetEndDate()
FNDA:2,System.String ChallengeConsole.Program::GetEndDate()
DA:128,2
DA:129,2
DA:130,2
DA:131,2
DA:132,2
FN:344,System.Double ChallengeConsole.Program::MaxValue(System.Collections.ArrayList)
FNDA:3,System.Double ChallengeConsole.Program::MaxValue(System.Collections.ArrayList)
DA:345,3
DA:347,3
DA:348,5
DA:350,2
DA:351,18
DA:352,6
DA:353,6
DA:354,4
DA:355,4
DA:356,4
DA:357,6
DA:358,2
DA:359,3
DA:360,3
BRDA:348,22,0,2
BRDA:351,89,1,6
BRDA:353,71,0,4
BRDA:353,71,1,6
BRDA:351,89,0,2
BRDA:348,22,1,3
FN:366,System.Int32 ChallengeConsole.Program::MinValue(System.Collections.ArrayList)
FNDA:3,System.Int32 ChallengeConsole.Program::MinValue(System.Collections.ArrayList)
DA:367,3
DA:369,3
DA:370,5
DA:372,2
DA:373,18
DA:374,6
DA:375,6
DA:376,4
DA:377,4
DA:378,4
DA:379,6
DA:380,2
DA:381,3
DA:382,3
BRDA:370,14,0,2
BRDA:373,77,1,6
BRDA:375,59,0,4
BRDA:375,59,1,6
BRDA:373,77,0,2
BRDA:370,14,1,3
FN:388,System.Int32 ChallengeConsole.Program::Add(System.Collections.ArrayList)
FNDA:3,System.Int32 ChallengeConsole.Program::Add(System.Collections.ArrayList)
DA:389,3
DA:391,3
DA:392,21
DA:393,6
DA:394,6
DA:395,6
DA:396,3
DA:397,3
BRDA:392,42,1,6
BRDA:392,42,0,3
FN:403,System.Double ChallengeConsole.Program::AddDouble(System.Collections.ArrayList)
FNDA:3,System.Double ChallengeConsole.Program::AddDouble(System.Collections.ArrayList)
DA:404,3
DA:406,3
DA:407,21
DA:408,6
DA:409,6
DA:410,6
DA:411,3
DA:412,3
BRDA:407,50,1,6
BRDA:407,50,0,3
FN:418,System.Boolean ChallengeConsole.Program::IsArrayListEmpty(System.Collections.ArrayList)
FNDA:9,System.Boolean ChallengeConsole.Program::IsArrayListEmpty(System.Collections.ArrayList)
DA:419,9
DA:421,17
DA:422,8
DA:425,1
DA:426,9
BRDA:421,12,0,8
BRDA:421,12,1,1
FN:434,System.Void ChallengeConsole.Program::BodyWeightAgregation(System.String,System.String,System.String,System.Collections.ArrayList)
FNDA:1,System.Void ChallengeConsole.Program::BodyWeightAgregation(System.String,System.String,System.String,System.Collections.ArrayList)
DA:435,1
DA:437,1
DA:438,2
DA:439,1
DA:440,1
DA:441,1
DA:442,1
DA:443,1
BRDA:438,18,0,1
BRDA:438,18,1,1
FN:451,System.Void ChallengeConsole.Program::CaloriesBurnedAgregation(System.String,System.String,System.String,System.Collections.ArrayList)
FNDA:1,System.Void ChallengeConsole.Program::CaloriesBurnedAgregation(System.String,System.String,System.String,System.Collections.ArrayList)
DA:452,1
DA:454,1
DA:455,2
DA:456,1
DA:457,1
DA:458,1
DA:459,1
DA:460,1
BRDA:455,22,0,1
BRDA:455,22,1,1
FN:468,System.Void ChallengeConsole.Program::HeartRateAgregation(System.String,System.String,System.String,System.Collections.ArrayList)
FNDA:1,System.Void ChallengeConsole.Program::HeartRateAgregation(System.String,System.String,System.String,System.Collections.ArrayList)
DA:469,1
DA:471,1
DA:472,2
DA:473,1
DA:474,1
DA:475,1
DA:476,1
DA:477,1
BRDA:472,14,0,1
BRDA:472,14,1,1
FN:486,System.Void ChallengeConsole.Program::PhysicalActivityAgregation(System.String,System.String,System.String,System.Collections.ArrayList)
FNDA:1,System.Void ChallengeConsole.Program::PhysicalActivityAgregation(System.String,System.String,System.String,System.Collections.ArrayList)
DA:487,1
DA:488,1
DA:489,2
DA:490,1
DA:491,1
DA:492,1
DA:493,1
DA:494,1
BRDA:489,14,0,1
BRDA:489,14,1,1
FN:502,System.Void ChallengeConsole.Program::SpeedAgregation(System.String,System.String,System.String,System.Collections.ArrayList)
FNDA:1,System.Void ChallengeConsole.Program::SpeedAgregation(System.String,System.String,System.String,System.Collections.ArrayList)
DA:503,1
DA:505,1
DA:506,2
DA:507,1
DA:508,1
DA:509,1
DA:510,1
DA:511,1
BRDA:506,22,0,1
BRDA:506,22,1,1
FN:519,System.Void ChallengeConsole.Program::StepCountAgregation(System.String,System.String,System.String,System.Collections.ArrayList)
FNDA:1,System.Void ChallengeConsole.Program::StepCountAgregation(System.String,System.String,System.String,System.Collections.ArrayList)
DA:520,1
DA:522,1
DA:523,2
DA:524,1
DA:525,1
DA:526,1
DA:527,1
DA:528,1
BRDA:523,14,0,1
BRDA:523,14,1,1
FN:536,System.Void ChallengeConsole.Program::BodyMaxIndexAgregation(System.String,System.String,System.String,System.Collections.ArrayList)
FNDA:1,System.Void ChallengeConsole.Program::BodyMaxIndexAgregation(System.String,System.String,System.String,System.Collections.ArrayList)
DA:537,1
DA:539,1
DA:540,2
DA:541,1
DA:542,1
DA:543,1
DA:544,1
DA:545,1
BRDA:540,18,0,1
BRDA:540,18,1,1
FN:549,System.Void ChallengeConsole.Program::SetupStoreage()
FNDA:8,System.Void ChallengeConsole.Program::SetupStoreage()
DA:550,8
DA:552,8
DA:553,8
DA:554,8
FN:562,System.Void ChallengeConsole.Program::SaveData(System.String,System.String,System.String,System.String)
FNDA:7,System.Void ChallengeConsole.Program::SaveData(System.String,System.String,System.String,System.String)
DA:563,7
DA:566,7
DA:567,7
DA:570,7
FN:575,System.Void ChallengeConsole.Program::ReadFromStoreage()
FNDA:0,System.Void ChallengeConsole.Program::ReadFromStoreage()
DA:576,0
DA:577,0
DA:578,0
DA:579,0
DA:580,0
DA:581,0
DA:582,0
DA:583,0
DA:584,0
BRDA:579,92,1,0
BRDA:579,92,0,0
FN:589,System.Void ChallengeConsole.Program::DeleteStoreageContent()
FNDA:0,System.Void ChallengeConsole.Program::DeleteStoreageContent()
DA:590,0
DA:591,0
DA:592,0
FN:65,System.Void ChallengeConsole.Program/<Main>d__12::MoveNext()
FNDA:0,System.Void ChallengeConsole.Program/<Main>d__12::MoveNext()
DA:66,0
DA:67,0
DA:69,0
DA:71,0
DA:73,0
DA:74,0
DA:75,0
DA:77,0
DA:78,0
DA:79,0
DA:81,0
DA:83,0
DA:85,0
DA:86,0
DA:87,0
DA:88,0
DA:89,0
DA:90,0
DA:91,0
DA:92,0
DA:93,0
DA:95,0
DA:96,0
DA:97,0
BRDA:71,326,1,0
BRDA:92,283,1,0
BRDA:81,176,0,0
BRDA:83,192,0,0
BRDA:83,192,1,0
BRDA:81,176,1,0
BRDA:92,262,0,0
BRDA:92,262,1,0
BRDA:92,283,0,0
BRDA:71,326,0,0
FN:140,System.Void ChallengeConsole.Program/<OnTimedEvent>d__16::MoveNext()
FNDA:0,System.Void ChallengeConsole.Program/<OnTimedEvent>d__16::MoveNext()
DA:141,0
DA:142,0
DA:143,0
DA:147,0
DA:148,0
DA:151,0
DA:153,0
DA:155,0
DA:156,0
DA:157,0
DA:159,0
DA:160,0
DA:161,0
DA:163,0
DA:164,0
DA:165,0
DA:167,0
DA:168,0
DA:169,0
DA:171,0
DA:172,0
DA:173,0
DA:175,0
DA:176,0
DA:177,0
DA:180,0
DA:182,0
DA:183,0
DA:184,0
DA:186,0
DA:187,0
DA:188,0
DA:190,0
DA:191,0
DA:192,0
DA:194,0
DA:195,0
FN:200,System.Void ChallengeConsole.Program/<InitiateAuthorization>d__17::MoveNext()
FNDA:0,System.Void ChallengeConsole.Program/<InitiateAuthorization>d__17::MoveNext()
DA:201,0
DA:203,0
DA:206,0
DA:207,0
DA:208,0
DA:210,0
DA:211,0
DA:212,0
DA:213,0
DA:214,0
DA:215,0
DA:216,0
DA:217,0
DA:218,0
DA:221,0
DA:222,0
DA:223,0
DA:224,0
DA:225,0
DA:228,0
DA:229,0
DA:231,0
DA:233,0
DA:235,0
DA:236,0
DA:238,0
DA:240,0
DA:241,0
DA:242,0
DA:243,0
DA:244,0
DA:246,0
DA:247,0
DA:248,0
DA:249,0
DA:250,0
DA:251,0
DA:252,0
DA:253,0
DA:254,0
DA:255,0
DA:257,0
DA:259,0
DA:260,0
DA:261,0
DA:262,0
DA:263,0
DA:265,0
DA:266,0
BRDA:206,948,1,0
BRDA:221,490,0,0
BRDA:231,609,0,0
BRDA:233,632,0,0
BRDA:238,702,0,0
BRDA:238,702,1,0
BRDA:233,632,1,0
BRDA:231,609,1,0
BRDA:221,490,1,0
BRDA:206,948,0,0
FN:276,System.Void ChallengeConsole.Program/<ReadData>d__18::MoveNext()
FNDA:0,System.Void ChallengeConsole.Program/<ReadData>d__18::MoveNext()
DA:277,0
DA:279,0
DA:282,0
DA:283,0
DA:284,0
DA:285,0
DA:286,0
DA:287,0
DA:288,0
DA:289,0
DA:290,0
DA:291,0
DA:293,0
DA:294,0
DA:295,0
DA:296,0
DA:297,0
DA:298,0
DA:301,0
DA:302,0
DA:303,0
DA:304,0
DA:305,0
DA:306,0
DA:307,0
DA:308,0
DA:309,0
DA:310,0
DA:311,0
DA:312,0
DA:313,0
DA:314,0
DA:315,0
DA:316,0
DA:317,0
DA:318,0
DA:319,0
DA:320,0
DA:321,0
DA:322,0
DA:323,0
DA:324,0
DA:325,0
DA:326,0
DA:328,0
DA:329,0
DA:330,0
DA:331,0
DA:332,0
DA:333,0
DA:334,0
DA:335,0
DA:336,0
DA:338,0
BRDA:293,502,0,0
BRDA:303,627,1,0
BRDA:303,627,0,0
BRDA:303,4606,1,0
BRDA:305,746,0,0
BRDA:306,757,1,0
BRDA:306,757,0,0
BRDA:306,869,1,0
BRDA:306,869,0,0
BRDA:306,941,1,0
BRDA:306,941,0,0
BRDA:306,1012,1,0
BRDA:306,1012,0,0
BRDA:306,1083,1,0
BRDA:306,1083,0,0
BRDA:307,1186,1,0
BRDA:307,1186,0,0
BRDA:307,1331,1,0
BRDA:307,1331,0,0
BRDA:307,1403,1,0
BRDA:307,1403,0,0
BRDA:307,1474,1,0
BRDA:307,1474,0,0
BRDA:307,1545,1,0
BRDA:307,1545,0,0
BRDA:305,746,1,0
BRDA:308,1669,0,0
BRDA:309,1680,1,0
BRDA:309,1680,0,0
BRDA:309,1771,1,0
BRDA:309,1771,0,0
BRDA:309,1843,1,0
BRDA:309,1843,0,0
BRDA:309,1914,1,0
BRDA:309,1914,0,0
BRDA:309,1985,1,0
BRDA:309,1985,0,0
BRDA:308,1669,1,0
BRDA:310,2109,0,0
BRDA:311,2120,1,0
BRDA:311,2120,0,0
BRDA:311,2211,1,0
BRDA:311,2211,0,0
BRDA:311,2283,1,0
BRDA:311,2283,0,0
BRDA:311,2354,1,0
BRDA:311,2354,0,0
BRDA:311,2425,1,0
BRDA:311,2425,0,0
BRDA:310,2109,1,0
BRDA:312,2549,0,0
BRDA:313,2560,1,0
BRDA:313,2560,0,0
BRDA:313,2651,1,0
BRDA:313,2651,0,0
BRDA:313,2723,1,0
BRDA:313,2723,0,0
BRDA:313,2794,1,0
BRDA:313,2794,0,0
BRDA:313,2865,1,0
BRDA:313,2865,0,0
BRDA:312,2549,1,0
BRDA:314,2989,0,0
BRDA:315,3000,1,0
BRDA:315,3000,0,0
BRDA:315,3091,1,0
BRDA:315,3091,0,0
BRDA:315,3163,1,0
BRDA:315,3163,0,0
BRDA:315,3234,1,0
BRDA:315,3234,0,0
BRDA:314,2989,1,0
BRDA:316,3353,0,0
BRDA:317,3364,1,0
BRDA:317,3364,0,0
BRDA:317,3455,1,0
BRDA:317,3455,0,0
BRDA:317,3527,1,0
BRDA:317,3527,0,0
BRDA:317,3598,1,0
BRDA:317,3598,0,0
BRDA:317,3669,1,0
BRDA:317,3669,0,0
BRDA:316,3353,1,0
BRDA:318,3793,0,0
BRDA:319,3804,1,0
BRDA:319,3804,0,0
BRDA:319,3895,1,0
BRDA:319,3895,0,0
BRDA:319,3967,1,0
BRDA:319,3967,0,0
BRDA:319,4038,1,0
BRDA:319,4038,0,0
BRDA:319,4109,1,0
BRDA:319,4109,0,0
BRDA:318,3793,1,0
BRDA:320,4233,0,0
BRDA:321,4244,1,0
BRDA:321,4244,0,0
BRDA:321,4335,1,0
BRDA:321,4335,0,0
BRDA:321,4407,1,0
BRDA:321,4407,0,0
BRDA:321,4478,1,0
BRDA:321,4478,0,0
BRDA:320,4233,1,0
BRDA:303,4606,0,0
BRDA:293,502,1,0
LF:318
LH:142
BRF:162
BRH:32
FNF:25
FNH:19
end_of_record